[NX Daemon Server] - 2024-12-05T22:57:37.899Z - Started listening on: /var/folders/wc/wwtg0qx515z45vzdl_b1njx80000gn/T/8638ed4f9c17eb6a3298/d.sock
[NX Daemon Server] - 2024-12-05T22:57:37.900Z - [WATCHER]: Subscribed to changes within: /Users/davidetarditi/Documents/Project/Poveroh/poveroh (native)
[NX Daemon Server] - 2024-12-05T22:57:37.904Z - Established a connection. Number of open connections: 1
[NX Daemon Server] - 2024-12-05T22:57:37.904Z - Established a connection. Number of open connections: 2
[NX Daemon Server] - 2024-12-05T22:57:37.905Z - Closed a connection. Number of open connections: 1
[NX Daemon Server] - 2024-12-05T22:57:37.906Z - [REQUEST]: Client Request for Project Graph Received
[NX Daemon Server] - 2024-12-05T22:57:37.961Z - [WATCHER]: Processing file changes in outputs
[NX Daemon Server] - 2024-12-05T22:57:38.124Z - [REQUEST]: Updated workspace context based on watched changes, recomputing project graph...
[NX Daemon Server] - 2024-12-05T22:57:38.124Z - [REQUEST]: 
[NX Daemon Server] - 2024-12-05T22:57:38.124Z - [REQUEST]: 
[NX Daemon Server] - 2024-12-05T22:57:38.130Z - Time taken for 'loadNxPlugins' 217.1095ms
[NX Daemon Server] - 2024-12-05T22:57:38.130Z - Established a connection. Number of open connections: 2
[NX Daemon Server] - 2024-12-05T22:57:38.131Z - Established a connection. Number of open connections: 3
[NX Daemon Server] - 2024-12-05T22:57:38.131Z - Closed a connection. Number of open connections: 2
[NX Daemon Server] - 2024-12-05T22:57:38.131Z - Established a connection. Number of open connections: 3
[NX Daemon Server] - 2024-12-05T22:57:38.132Z - [REQUEST]: Responding to the client. handleHashGlob
[NX Daemon Server] - 2024-12-05T22:57:38.132Z - Done responding to the client handleHashGlob
[NX Daemon Server] - 2024-12-05T22:57:38.132Z - Handled HASH_GLOB. Handling time: 1. Response time: 0.
[NX Daemon Server] - 2024-12-05T22:57:38.132Z - Established a connection. Number of open connections: 4
[NX Daemon Server] - 2024-12-05T22:57:38.132Z - Closed a connection. Number of open connections: 3
[NX Daemon Server] - 2024-12-05T22:57:38.132Z - Established a connection. Number of open connections: 4
[NX Daemon Server] - 2024-12-05T22:57:38.132Z - [REQUEST]: Responding to the client. handleGlob
[NX Daemon Server] - 2024-12-05T22:57:38.132Z - Done responding to the client handleGlob
[NX Daemon Server] - 2024-12-05T22:57:38.132Z - Handled GLOB. Handling time: 0. Response time: 0.
[NX Daemon Server] - 2024-12-05T22:57:38.132Z - Established a connection. Number of open connections: 5
[NX Daemon Server] - 2024-12-05T22:57:38.132Z - Closed a connection. Number of open connections: 4
[NX Daemon Server] - 2024-12-05T22:57:38.133Z - [REQUEST]: Responding to the client. handleHashGlob
[NX Daemon Server] - 2024-12-05T22:57:38.133Z - Done responding to the client handleHashGlob
[NX Daemon Server] - 2024-12-05T22:57:38.133Z - Handled HASH_GLOB. Handling time: 0. Response time: 0.
[NX Daemon Server] - 2024-12-05T22:57:38.270Z - [REQUEST]: Responding to the client. handleHashGlob
[NX Daemon Server] - 2024-12-05T22:57:38.270Z - Done responding to the client handleHashGlob
[NX Daemon Server] - 2024-12-05T22:57:38.270Z - Handled HASH_GLOB. Handling time: 0. Response time: 0.
[NX Daemon Server] - 2024-12-05T22:57:38.271Z - [REQUEST]: Responding to the client. handleHashGlob
[NX Daemon Server] - 2024-12-05T22:57:38.271Z - Done responding to the client handleHashGlob
[NX Daemon Server] - 2024-12-05T22:57:38.271Z - Handled HASH_GLOB. Handling time: 0. Response time: 0.
[NX Daemon Server] - 2024-12-05T22:57:38.272Z - [REQUEST]: Responding to the client. handleHashGlob
[NX Daemon Server] - 2024-12-05T22:57:38.273Z - Done responding to the client handleHashGlob
[NX Daemon Server] - 2024-12-05T22:57:38.273Z - Handled HASH_GLOB. Handling time: 0. Response time: 1.
[NX Daemon Server] - 2024-12-05T22:57:38.273Z - [REQUEST]: Responding to the client. handleHashGlob
[NX Daemon Server] - 2024-12-05T22:57:38.273Z - Done responding to the client handleHashGlob
[NX Daemon Server] - 2024-12-05T22:57:38.273Z - Handled HASH_GLOB. Handling time: 0. Response time: 0.
(node:79051) [DEP0180] DeprecationWarning: fs.Stats constructor is deprecated.
(Use `node --trace-deprecation ...` to show where the warning was created)
[NX Daemon Server] - 2024-12-05T22:57:38.619Z - [REQUEST]: Responding to the client. handleNxWorkspaceFiles
[NX Daemon Server] - 2024-12-05T22:57:38.619Z - Done responding to the client handleNxWorkspaceFiles
[NX Daemon Server] - 2024-12-05T22:57:38.619Z - Handled GET_FILES_IN_DIRECTORY. Handling time: 1. Response time: 0.
[NX Daemon Server] - 2024-12-05T22:57:38.789Z - [REQUEST]: Responding to the client. handleHashGlob
[NX Daemon Server] - 2024-12-05T22:57:38.789Z - Done responding to the client handleHashGlob
[NX Daemon Server] - 2024-12-05T22:57:38.789Z - Handled HASH_GLOB. Handling time: 0. Response time: 0.
[NX Daemon Server] - 2024-12-05T22:57:38.810Z - Time taken for 'build-project-configs' 682.787084ms
[NX Daemon Server] - 2024-12-05T22:57:38.963Z - [SYNC]: collect registered sync generators
[NX Daemon Server] - 2024-12-05T22:57:38.963Z - [REQUEST]: Responding to the client. project-graph
[NX Daemon Server] - 2024-12-05T22:57:38.963Z - Time taken for 'total for creating and serializing project graph' 1057.541708ms
[NX Daemon Server] - 2024-12-05T22:57:38.964Z - Done responding to the client project-graph
[NX Daemon Server] - 2024-12-05T22:57:38.964Z - Handled REQUEST_PROJECT_GRAPH. Handling time: 1057. Response time: 1.
/Users/davidetarditi/Documents/Project/Poveroh/poveroh/node_modules/nx/src/hasher/native-task-hasher-impl.js:32
        const plans = this.planner.getPlansReference(tasks.map((t) => t.id), taskGraph);
                                   ^

Error: The externalDependency 'webpack-cli' for 'api:build' could not be found
    at NativeTaskHasherImpl.hashTasks (/Users/davidetarditi/Documents/Project/Poveroh/poveroh/node_modules/nx/src/hasher/native-task-hasher-impl.js:32:36)
    at InProcessTaskHasher.hashTasks (/Users/davidetarditi/Documents/Project/Poveroh/poveroh/node_modules/nx/src/hasher/task-hasher.js:41:46)
    at handleHashTasks (/Users/davidetarditi/Documents/Project/Poveroh/poveroh/node_modules/nx/src/daemon/server/handle-hash-tasks.js:30:56)
    at process.processTicksAndRejections (node:internal/process/task_queues:95:5)
    at async handleResult (/Users/davidetarditi/Documents/Project/Poveroh/poveroh/node_modules/nx/src/daemon/server/server.js:172:16)
    at async handleMessage (/Users/davidetarditi/Documents/Project/Poveroh/poveroh/node_modules/nx/src/daemon/server/server.js:110:9)
    at async /Users/davidetarditi/Documents/Project/Poveroh/poveroh/node_modules/nx/src/daemon/server/server.js:72:9 {
  code: 'GenericFailure'
}

Node.js v22.5.1
[NX Daemon Server] - 2024-12-05T22:58:40.015Z - Started listening on: /var/folders/wc/wwtg0qx515z45vzdl_b1njx80000gn/T/8638ed4f9c17eb6a3298/d.sock
[NX Daemon Server] - 2024-12-05T22:58:40.017Z - [WATCHER]: Subscribed to changes within: /Users/davidetarditi/Documents/Project/Poveroh/poveroh (native)
[NX Daemon Server] - 2024-12-05T22:58:40.020Z - Established a connection. Number of open connections: 1
[NX Daemon Server] - 2024-12-05T22:58:40.021Z - Established a connection. Number of open connections: 2
[NX Daemon Server] - 2024-12-05T22:58:40.022Z - Closed a connection. Number of open connections: 1
[NX Daemon Server] - 2024-12-05T22:58:40.022Z - [REQUEST]: Client Request for Project Graph Received
[NX Daemon Server] - 2024-12-05T22:58:40.079Z - [WATCHER]: Processing file changes in outputs
[NX Daemon Server] - 2024-12-05T22:58:40.231Z - [REQUEST]: Updated workspace context based on watched changes, recomputing project graph...
[NX Daemon Server] - 2024-12-05T22:58:40.231Z - [REQUEST]: 
[NX Daemon Server] - 2024-12-05T22:58:40.231Z - [REQUEST]: 
[NX Daemon Server] - 2024-12-05T22:58:40.237Z - Time taken for 'loadNxPlugins' 207.95833399999998ms
[NX Daemon Server] - 2024-12-05T22:58:40.237Z - Established a connection. Number of open connections: 2
[NX Daemon Server] - 2024-12-05T22:58:40.238Z - Established a connection. Number of open connections: 3
[NX Daemon Server] - 2024-12-05T22:58:40.238Z - Closed a connection. Number of open connections: 2
[NX Daemon Server] - 2024-12-05T22:58:40.238Z - Established a connection. Number of open connections: 3
[NX Daemon Server] - 2024-12-05T22:58:40.239Z - [REQUEST]: Responding to the client. handleHashGlob
[NX Daemon Server] - 2024-12-05T22:58:40.239Z - Done responding to the client handleHashGlob
[NX Daemon Server] - 2024-12-05T22:58:40.239Z - Handled HASH_GLOB. Handling time: 1. Response time: 0.
[NX Daemon Server] - 2024-12-05T22:58:40.239Z - Established a connection. Number of open connections: 4
[NX Daemon Server] - 2024-12-05T22:58:40.239Z - Closed a connection. Number of open connections: 3
[NX Daemon Server] - 2024-12-05T22:58:40.239Z - Established a connection. Number of open connections: 4
[NX Daemon Server] - 2024-12-05T22:58:40.239Z - Closed a connection. Number of open connections: 3
[NX Daemon Server] - 2024-12-05T22:58:40.239Z - Established a connection. Number of open connections: 4
[NX Daemon Server] - 2024-12-05T22:58:40.240Z - [REQUEST]: Responding to the client. handleGlob
[NX Daemon Server] - 2024-12-05T22:58:40.240Z - Done responding to the client handleGlob
[NX Daemon Server] - 2024-12-05T22:58:40.240Z - Handled GLOB. Handling time: 1. Response time: 0.
[NX Daemon Server] - 2024-12-05T22:58:40.240Z - [REQUEST]: Responding to the client. handleHashGlob
[NX Daemon Server] - 2024-12-05T22:58:40.240Z - Done responding to the client handleHashGlob
[NX Daemon Server] - 2024-12-05T22:58:40.240Z - Handled HASH_GLOB. Handling time: 0. Response time: 0.
[NX Daemon Server] - 2024-12-05T22:58:40.353Z - [REQUEST]: Responding to the client. handleHashGlob
[NX Daemon Server] - 2024-12-05T22:58:40.353Z - Done responding to the client handleHashGlob
[NX Daemon Server] - 2024-12-05T22:58:40.354Z - Handled HASH_GLOB. Handling time: 0. Response time: 1.
[NX Daemon Server] - 2024-12-05T22:58:40.354Z - [REQUEST]: Responding to the client. handleHashGlob
[NX Daemon Server] - 2024-12-05T22:58:40.354Z - Done responding to the client handleHashGlob
[NX Daemon Server] - 2024-12-05T22:58:40.354Z - Handled HASH_GLOB. Handling time: 0. Response time: 0.
[NX Daemon Server] - 2024-12-05T22:58:40.355Z - [REQUEST]: Responding to the client. handleHashGlob
[NX Daemon Server] - 2024-12-05T22:58:40.355Z - Done responding to the client handleHashGlob
[NX Daemon Server] - 2024-12-05T22:58:40.355Z - Handled HASH_GLOB. Handling time: 0. Response time: 0.
[NX Daemon Server] - 2024-12-05T22:58:40.355Z - [REQUEST]: Responding to the client. handleHashGlob
[NX Daemon Server] - 2024-12-05T22:58:40.355Z - Done responding to the client handleHashGlob
[NX Daemon Server] - 2024-12-05T22:58:40.355Z - Handled HASH_GLOB. Handling time: 0. Response time: 0.
[NX Daemon Server] - 2024-12-05T22:58:40.356Z - [REQUEST]: Responding to the client. handleHashGlob
[NX Daemon Server] - 2024-12-05T22:58:40.356Z - Done responding to the client handleHashGlob
[NX Daemon Server] - 2024-12-05T22:58:40.356Z - Handled HASH_GLOB. Handling time: 0. Response time: 0.
[NX Daemon Server] - 2024-12-05T22:58:40.362Z - Time taken for 'build-project-configs' 126.65412500000002ms
[NX Daemon Server] - 2024-12-05T22:58:40.364Z - [SYNC]: collect registered sync generators
[NX Daemon Server] - 2024-12-05T22:58:40.364Z - [REQUEST]: Responding to the client. project-graph
[NX Daemon Server] - 2024-12-05T22:58:40.364Z - Time taken for 'total for creating and serializing project graph' 341.758834ms
[NX Daemon Server] - 2024-12-05T22:58:40.364Z - Done responding to the client project-graph
[NX Daemon Server] - 2024-12-05T22:58:40.364Z - Handled REQUEST_PROJECT_GRAPH. Handling time: 342. Response time: 0.
/Users/davidetarditi/Documents/Project/Poveroh/poveroh/node_modules/nx/src/hasher/native-task-hasher-impl.js:32
        const plans = this.planner.getPlansReference(tasks.map((t) => t.id), taskGraph);
                                   ^

Error: The externalDependency 'webpack-cli' for 'api:build' could not be found
    at NativeTaskHasherImpl.hashTasks (/Users/davidetarditi/Documents/Project/Poveroh/poveroh/node_modules/nx/src/hasher/native-task-hasher-impl.js:32:36)
    at InProcessTaskHasher.hashTasks (/Users/davidetarditi/Documents/Project/Poveroh/poveroh/node_modules/nx/src/hasher/task-hasher.js:41:46)
    at handleHashTasks (/Users/davidetarditi/Documents/Project/Poveroh/poveroh/node_modules/nx/src/daemon/server/handle-hash-tasks.js:30:56)
    at process.processTicksAndRejections (node:internal/process/task_queues:95:5)
    at async handleResult (/Users/davidetarditi/Documents/Project/Poveroh/poveroh/node_modules/nx/src/daemon/server/server.js:172:16)
    at async handleMessage (/Users/davidetarditi/Documents/Project/Poveroh/poveroh/node_modules/nx/src/daemon/server/server.js:110:9)
    at async /Users/davidetarditi/Documents/Project/Poveroh/poveroh/node_modules/nx/src/daemon/server/server.js:72:9 {
  code: 'GenericFailure'
}

Node.js v22.5.1
[NX Daemon Server] - 2024-12-05T22:59:37.442Z - Started listening on: /var/folders/wc/wwtg0qx515z45vzdl_b1njx80000gn/T/8638ed4f9c17eb6a3298/d.sock
[NX Daemon Server] - 2024-12-05T22:59:37.444Z - [WATCHER]: Subscribed to changes within: /Users/davidetarditi/Documents/Project/Poveroh/poveroh (native)
[NX Daemon Server] - 2024-12-05T22:59:37.448Z - Established a connection. Number of open connections: 1
[NX Daemon Server] - 2024-12-05T22:59:37.448Z - Established a connection. Number of open connections: 2
[NX Daemon Server] - 2024-12-05T22:59:37.449Z - Closed a connection. Number of open connections: 1
[NX Daemon Server] - 2024-12-05T22:59:37.450Z - [REQUEST]: Client Request for Project Graph Received
[NX Daemon Server] - 2024-12-05T22:59:37.509Z - [WATCHER]: Processing file changes in outputs
[NX Daemon Server] - 2024-12-05T22:59:37.669Z - [REQUEST]: Updated workspace context based on watched changes, recomputing project graph...
[NX Daemon Server] - 2024-12-05T22:59:37.669Z - [REQUEST]: 
[NX Daemon Server] - 2024-12-05T22:59:37.669Z - [REQUEST]: 
[NX Daemon Server] - 2024-12-05T22:59:37.676Z - Time taken for 'loadNxPlugins' 218.298417ms
[NX Daemon Server] - 2024-12-05T22:59:37.676Z - Established a connection. Number of open connections: 2
[NX Daemon Server] - 2024-12-05T22:59:37.676Z - Established a connection. Number of open connections: 3
[NX Daemon Server] - 2024-12-05T22:59:37.677Z - Closed a connection. Number of open connections: 2
[NX Daemon Server] - 2024-12-05T22:59:37.677Z - Established a connection. Number of open connections: 3
[NX Daemon Server] - 2024-12-05T22:59:37.678Z - [REQUEST]: Responding to the client. handleHashGlob
[NX Daemon Server] - 2024-12-05T22:59:37.678Z - Done responding to the client handleHashGlob
[NX Daemon Server] - 2024-12-05T22:59:37.678Z - Handled HASH_GLOB. Handling time: 0. Response time: 1.
[NX Daemon Server] - 2024-12-05T22:59:37.678Z - Established a connection. Number of open connections: 4
[NX Daemon Server] - 2024-12-05T22:59:37.678Z - Closed a connection. Number of open connections: 3
[NX Daemon Server] - 2024-12-05T22:59:37.678Z - Established a connection. Number of open connections: 4
[NX Daemon Server] - 2024-12-05T22:59:37.678Z - [REQUEST]: Responding to the client. handleGlob
[NX Daemon Server] - 2024-12-05T22:59:37.678Z - Done responding to the client handleGlob
[NX Daemon Server] - 2024-12-05T22:59:37.678Z - Handled GLOB. Handling time: 0. Response time: 0.
[NX Daemon Server] - 2024-12-05T22:59:37.678Z - Established a connection. Number of open connections: 5
[NX Daemon Server] - 2024-12-05T22:59:37.679Z - Closed a connection. Number of open connections: 4
[NX Daemon Server] - 2024-12-05T22:59:37.679Z - [REQUEST]: Responding to the client. handleHashGlob
[NX Daemon Server] - 2024-12-05T22:59:37.679Z - Done responding to the client handleHashGlob
[NX Daemon Server] - 2024-12-05T22:59:37.679Z - Handled HASH_GLOB. Handling time: 0. Response time: 0.
[NX Daemon Server] - 2024-12-05T22:59:37.823Z - [REQUEST]: Responding to the client. handleHashGlob
[NX Daemon Server] - 2024-12-05T22:59:37.823Z - Done responding to the client handleHashGlob
[NX Daemon Server] - 2024-12-05T22:59:37.824Z - Handled HASH_GLOB. Handling time: 0. Response time: 1.
[NX Daemon Server] - 2024-12-05T22:59:37.825Z - [REQUEST]: Responding to the client. handleHashGlob
[NX Daemon Server] - 2024-12-05T22:59:37.825Z - Done responding to the client handleHashGlob
[NX Daemon Server] - 2024-12-05T22:59:37.825Z - Handled HASH_GLOB. Handling time: 0. Response time: 0.
[NX Daemon Server] - 2024-12-05T22:59:37.827Z - [REQUEST]: Responding to the client. handleHashGlob
[NX Daemon Server] - 2024-12-05T22:59:37.827Z - Done responding to the client handleHashGlob
[NX Daemon Server] - 2024-12-05T22:59:37.827Z - Handled HASH_GLOB. Handling time: 0. Response time: 0.
[NX Daemon Server] - 2024-12-05T22:59:37.832Z - [REQUEST]: Responding to the client. handleHashGlob
[NX Daemon Server] - 2024-12-05T22:59:37.832Z - Done responding to the client handleHashGlob
[NX Daemon Server] - 2024-12-05T22:59:37.832Z - Handled HASH_GLOB. Handling time: 1. Response time: 0.
(node:79252) [DEP0180] DeprecationWarning: fs.Stats constructor is deprecated.
(Use `node --trace-deprecation ...` to show where the warning was created)
[NX Daemon Server] - 2024-12-05T22:59:38.244Z - [REQUEST]: Responding to the client. handleNxWorkspaceFiles
[NX Daemon Server] - 2024-12-05T22:59:38.244Z - Done responding to the client handleNxWorkspaceFiles
[NX Daemon Server] - 2024-12-05T22:59:38.244Z - Handled GET_FILES_IN_DIRECTORY. Handling time: 0. Response time: 0.
[NX Daemon Server] - 2024-12-05T22:59:38.430Z - [REQUEST]: Responding to the client. handleHashGlob
[NX Daemon Server] - 2024-12-05T22:59:38.430Z - Done responding to the client handleHashGlob
[NX Daemon Server] - 2024-12-05T22:59:38.430Z - Handled HASH_GLOB. Handling time: 1. Response time: 0.
[NX Daemon Server] - 2024-12-05T22:59:38.453Z - Time taken for 'build-project-configs' 779.756584ms
[NX Daemon Server] - 2024-12-05T22:59:38.634Z - [SYNC]: collect registered sync generators
[NX Daemon Server] - 2024-12-05T22:59:38.634Z - [REQUEST]: Responding to the client. project-graph
[NX Daemon Server] - 2024-12-05T22:59:38.634Z - Time taken for 'total for creating and serializing project graph' 1184.526791ms
[NX Daemon Server] - 2024-12-05T22:59:38.635Z - Done responding to the client project-graph
[NX Daemon Server] - 2024-12-05T22:59:38.635Z - Handled REQUEST_PROJECT_GRAPH. Handling time: 1184. Response time: 1.
[NX Daemon Server] - 2024-12-05T22:59:38.635Z - [REQUEST]: Responding to the client. handleContextFileData
[NX Daemon Server] - 2024-12-05T22:59:38.635Z - Done responding to the client handleContextFileData
[NX Daemon Server] - 2024-12-05T22:59:38.635Z - Handled GET_CONTEXT_FILE_DATA. Handling time: 0. Response time: 0.
[NX Daemon Server] - 2024-12-05T22:59:38.636Z - Closed a connection. Number of open connections: 3
[NX Daemon Server] - 2024-12-05T22:59:38.692Z - Established a connection. Number of open connections: 4
[NX Daemon Server] - 2024-12-05T22:59:38.692Z - Established a connection. Number of open connections: 5
[NX Daemon Server] - 2024-12-05T22:59:38.692Z - Closed a connection. Number of open connections: 4
[NX Daemon Server] - 2024-12-05T22:59:38.693Z - [REQUEST]: Client Request for Project Graph Received
[NX Daemon Server] - 2024-12-05T22:59:38.693Z - [REQUEST]: Responding to the client. project-graph
[NX Daemon Server] - 2024-12-05T22:59:38.693Z - Time taken for 'total for creating and serializing project graph' 0.11691700000005767ms
[NX Daemon Server] - 2024-12-05T22:59:38.693Z - Done responding to the client project-graph
[NX Daemon Server] - 2024-12-05T22:59:38.693Z - Handled REQUEST_PROJECT_GRAPH. Handling time: 0. Response time: 0.
[NX Daemon Server] - 2024-12-05T22:59:38.693Z - [REQUEST]: Client Request for Project Graph Received
[NX Daemon Server] - 2024-12-05T22:59:38.693Z - [REQUEST]: Responding to the client. project-graph
[NX Daemon Server] - 2024-12-05T22:59:38.693Z - Time taken for 'total for creating and serializing project graph' 0.06716599999981554ms
[NX Daemon Server] - 2024-12-05T22:59:38.693Z - Done responding to the client project-graph
[NX Daemon Server] - 2024-12-05T22:59:38.693Z - Handled REQUEST_PROJECT_GRAPH. Handling time: 0. Response time: 0.
[NX Daemon Server] - 2024-12-05T22:59:38.694Z - Established a connection. Number of open connections: 5
[NX Daemon Server] - 2024-12-05T22:59:39.803Z - [WATCHER]: 0 file(s) created or restored, 2 file(s) modified, 0 file(s) deleted
[NX Daemon Server] - 2024-12-05T22:59:39.803Z - [REQUEST]: Responding to the client. File watch changed
[NX Daemon Server] - 2024-12-05T22:59:39.804Z - Done responding to the client File watch changed
[NX Daemon Server] - 2024-12-05T22:59:39.804Z - Handled FILE-WATCH-CHANGED. Handling time: 0. Response time: 1.
[NX Daemon Server] - 2024-12-05T22:59:39.804Z - [WATCHER]: Processing file changes in outputs
[NX Daemon Server] - 2024-12-05T22:59:39.804Z - Time taken for 'changed-projects' 0.1457090000003518ms
